<?xml version="1.0" encoding="UTF-8"?>
<testng-results ignored="0" total="0" passed="0" failed="0" skipped="0">
  <reporter-output>
  </reporter-output>
  <suite started-at="2020-02-09T09:55:37Z" name="UI test suite" finished-at="2020-02-09T09:55:38Z" duration-ms="12">
    <groups>
    </groups>
    <test started-at="2020-02-09T09:55:37Z" name="Add new Owner test" finished-at="2020-02-09T09:55:38Z" duration-ms="12">
    </test> <!-- Add new Owner test -->
  </suite> <!-- UI test suite -->
</testng-results>
